<!DOCTYPE html>
<html>
<head>
    <title>first report</title>
    <meta charset="utf-8">
    <meta name="viewport" content="width=device-width, initial-scale=1.0">
    <link rel="stylesheet" href="https://maxcdn.bootstrapcdn.com/bootstrap/3.3.6/css/bootstrap.min.css" integrity="sha384-1q8mTJOASx8j1Au+a5WDVnPi2lkFfwwEAa8hDDdjZlpLegxhjVME1fgjWPGmkzs7" crossorigin="anonymous">
</head>
<body>
    <div class="container">
        <div class="row">
            <div class="col-xs-12">
                <h2 class="text-capitalize">first report</h2>
                <p class='attribute'><strong>Start Time: </strong>2023-07-15 17:33:48</p>
                <p class='attribute'><strong>Duration: </strong>30.90 s</p>
                <p class='attribute'><strong>Summary: </strong>Total: 8, Pass: 4, Error: 1, Skip: 3</p>
            </div>
        </div>
        <div class="row">
            <div class="col-xs-12 col-sm-10 col-md-10">
                <table class='table table-hover table-responsive'>
                    <thead>
                        <tr>
                            <th>test_login.TestLogin</th>
                            <th>Status</th>
                            <th></th>
                        </tr>
                    </thead>
                    <tbody>
                        <tr class='info'>
                            <td class="col-xs-10">test_invalid_password</td>
                            <td class="col-xs-1">
                                <span class="label label-info" style="display:block;width:40px;">Skip</span>
                            </td>
                            <td class="col-xs-1">
                            </td>
                        </tr>
                        <tr class='info'>
                            <td class="col-xs-10">test_invalid_user</td>
                            <td class="col-xs-1">
                                <span class="label label-info" style="display:block;width:40px;">Skip</span>
                            </td>
                            <td class="col-xs-1">
                            </td>
                        </tr>
                        <tr class='info'>
                            <td class="col-xs-10">test_login_blank_fields</td>
                            <td class="col-xs-1">
                                <span class="label label-info" style="display:block;width:40px;">Skip</span>
                            </td>
                            <td class="col-xs-1">
                            </td>
                        </tr>
                        <tr class='success'>
                            <td class="col-xs-10">test_login_corect</td>
                            <td class="col-xs-1">
                                <span class="label label-success" style="display:block;width:40px;">Pass</span>
                            </td>
                            <td class="col-xs-1">
                            </td>
                        </tr>
                        <tr class='success'>
                            <td class="col-xs-10">test_logout</td>
                            <td class="col-xs-1">
                                <span class="label label-success" style="display:block;width:40px;">Pass</span>
                            </td>
                            <td class="col-xs-1">
                            </td>
                        </tr>
                        <tr>
                            <td colspan="3">
                                Total: 5, Pass: 2, Skip: 3 -- Duration: 7.31 s
                            </td>
                        </tr>
                    </tbody>
                </table>
            </div>
        </div>
        <div class="row">
            <div class="col-xs-12 col-sm-10 col-md-10">
                <table class='table table-hover table-responsive'>
                    <thead>
                        <tr>
                            <th>test_elefant.Elefant</th>
                            <th>Status</th>
                            <th></th>
                        </tr>
                    </thead>
                    <tbody>
                        <tr class='success'>
                            <td class="col-xs-10">test_elefant_ro</td>
                            <td class="col-xs-1">
                                <span class="label label-success" style="display:block;width:40px;">Pass</span>
                            </td>
                            <td class="col-xs-1">
                            </td>
                        </tr>
                        <tr class='warning'>
                            <td class="col-xs-10">test_login_wrong_credentials</td>
                            <td class="col-xs-1">
                                <span class="label label-warning" style="display:block;width:40px;">Error</span>
                            </td>
                            <td class="col-xs-1">
                                <button class="btn btn-default btn-xs">View</button>
                            </td>
                        </tr>
                        <tr style="display:none;">
                            <td class="col-xs-9" colspan="3"><p style="color:maroon;">ElementClickInterceptedException: Message: element click intercepted: Element <span>...</span> is not clickable at point (1267, 139). Other element would receive the click: <div id="CybotCookiebotDialogBodyUnderlay"></div>
  (Session info: chrome=114.0.5735.199)
Stacktrace:
Backtrace:
	GetHandleVerifier [0x00F2A813+48355]
	(No symbol) [0x00EBC4B1]
	(No symbol) [0x00DC5358]
	(No symbol) [0x00DF5062]
	(No symbol) [0x00DF3B98]
	(No symbol) [0x00DF239B]
	(No symbol) [0x00DF179E]
	(No symbol) [0x00DE9F5C]
	(No symbol) [0x00E0A73C]
	(No symbol) [0x00DE9A36]
	(No symbol) [0x00E0AA94]
	(No symbol) [0x00E1C922]
	(No symbol) [0x00E0A536]
	(No symbol) [0x00DE82DC]
	(No symbol) [0x00DE93DD]
	GetHandleVerifier [0x0118AABD+2539405]
	GetHandleVerifier [0x011CA78F+2800735]
	GetHandleVerifier [0x011C456C+2775612]
	GetHandleVerifier [0x00FB51E0+616112]
	(No symbol) [0x00EC5F8C]
	(No symbol) [0x00EC2328]
	(No symbol) [0x00EC240B]
	(No symbol) [0x00EB4FF7]
	BaseThreadInitThunk [0x76177D59+25]
	RtlInitializeExceptionChain [0x76FBB79B+107]
	RtlClearBits [0x76FBB71F+191]
</p><p style="color:maroon;">Traceback (most recent call last):
  File "D:\Projects\PycharmProjects2\test_elefant.py", line 49, in test_login_wrong_credentials
    self.driver.find_element(By.XPATH, "//span[text()='Cont']").click()
  File "D:\Projects\PycharmProjects2\venv\Lib\site-packages\selenium\webdriver\remote\webelement.py", line 94, in click
    self._execute(Command.CLICK_ELEMENT)
  File "D:\Projects\PycharmProjects2\venv\Lib\site-packages\selenium\webdriver\remote\webelement.py", line 395, in _execute
    return self._parent.execute(command, params)
           ^^^^^^^^^^^^^^^^^^^^^^^^^^^^^^^^^^^^^
  File "D:\Projects\PycharmProjects2\venv\Lib\site-packages\selenium\webdriver\remote\webdriver.py", line 346, in execute
    self.error_handler.check_response(response)
  File "D:\Projects\PycharmProjects2\venv\Lib\site-packages\selenium\webdriver\remote\errorhandler.py", line 245, in check_response
    raise exception_class(message, screen, stacktrace)
selenium.common.exceptions.ElementClickInterceptedException: Message: element click intercepted: Element <span>...</span> is not clickable at point (1267, 139). Other element would receive the click: <div id="CybotCookiebotDialogBodyUnderlay"></div>
  (Session info: chrome=114.0.5735.199)
Stacktrace:
Backtrace:
	GetHandleVerifier [0x00F2A813+48355]
	(No symbol) [0x00EBC4B1]
	(No symbol) [0x00DC5358]
	(No symbol) [0x00DF5062]
	(No symbol) [0x00DF3B98]
	(No symbol) [0x00DF239B]
	(No symbol) [0x00DF179E]
	(No symbol) [0x00DE9F5C]
	(No symbol) [0x00E0A73C]
	(No symbol) [0x00DE9A36]
	(No symbol) [0x00E0AA94]
	(No symbol) [0x00E1C922]
	(No symbol) [0x00E0A536]
	(No symbol) [0x00DE82DC]
	(No symbol) [0x00DE93DD]
	GetHandleVerifier [0x0118AABD+2539405]
	GetHandleVerifier [0x011CA78F+2800735]
	GetHandleVerifier [0x011C456C+2775612]
	GetHandleVerifier [0x00FB51E0+616112]
	(No symbol) [0x00EC5F8C]
	(No symbol) [0x00EC2328]
	(No symbol) [0x00EC240B]
	(No symbol) [0x00EB4FF7]
	BaseThreadInitThunk [0x76177D59+25]
	RtlInitializeExceptionChain [0x76FBB79B+107]
	RtlClearBits [0x76FBB71F+191]

</p>
                            </td>
                        </tr>
                        <tr class='success'>
                            <td class="col-xs-10">test_search_bar</td>
                            <td class="col-xs-1">
                                <span class="label label-success" style="display:block;width:40px;">Pass</span>
                            </td>
                            <td class="col-xs-1">
                                <button class="btn btn-default btn-xs">View</button>
                            </td>
                        </tr>
                        <tr style="display:none;">
                            <td class="col-xs-9" colspan="3"><p>Test search bar passed
</p>
                            </td>
                        </tr>
                        <tr>
                            <td colspan="3">
                                Total: 3, Pass: 2, Error: 1 -- Duration: 23.58 s
                            </td>
                        </tr>
                    </tbody>
                </table>
            </div>
        </div>
    </div>
    <script src="https://ajax.googleapis.com/ajax/libs/jquery/2.2.4/jquery.min.js"></script>
    <script type="text/javascript">
        $(document).ready(function(){
            $('td').on('click', '.btn', function(e){
                e.preventDefault();
                e.stopImmediatePropagation();
                var $this = $(this);
                var $nextRow = $this.closest('tr').next('tr');
                $nextRow.slideToggle("fast");
                $this.text(function(i, text){
                    if (text === 'View') {
                        return 'Hide';
                    } else {
                        return 'View';
                    };
                });
            });
        });
    </script>
</body>
</html